MPASM 5.81                          MAIN.ASM   9-26-2018  0:17:36         PAGE  1


LOC  OBJECT CODE     LINE SOURCE TEXT
  VALUE

                      00001 #include "p16f84.inc" 
                      00001         LIST
                      00002 
                      00003 ;==========================================================================
                      00004 ; Build date : Jul 23 2018
                      00005 ;  MPASM PIC16F84 processor include
                      00006 ; 
                      00007 ;  (c) Copyright 1999-2018 Microchip Technology, All rights reserved
                      00008 ;==========================================================================
                      00009 
                      00207         LIST
                      00002 
  00000030            00003 StartingAddress set 0x30  ; the starting address of the array, a constant
  00000030            00004 StartingEEPROMAddress set 0x30 ;
  0000002F            00005 CurrentPointer equ 0x2F  ; the pointer to the current element in array, a variable
  0000002E            00006 Value equ 0x2E
  0000000A            00007 ArrayLength set 0xA   ; the number of elements in array, a constant 
                      00008 
0000                  00009     ORG 0x0000
0000   281F           00010     GOTO BEGIN
                      00011  
0001                  00012 MySuperSubRootine:
0001   1683           00013     BSF STATUS, RP0 ; To bank 1;
0002   138B           00014     BCF INTCON, GIE ; Disable interrupts
Message[302]: Register in operand not in bank 0.  Ensure that bank bits are correct.
0003   1508           00015     BSF EECON1, WREN ; Enable write    
                      00016     
0004                  00017 SUBLOOP1:
0004   1283           00018     BCF STATUS, RP0 ; To bank 0;
0005   082F           00019     MOVF CurrentPointer,0    ; W=CurrentPointer
0006   3E30           00020     ADDLW StartingAddress     ; W=W+c_addr
0007   0084           00021     MOVWF FSR       ; FSR=W, INDF=array[W]
0008   0800           00022     MOVF INDF , 0
0009   00AE           00023     MOVWF Value  
                      00024     
000A   3030           00025     MOVLW StartingEEPROMAddress
000B   072F           00026     ADDWF CurrentPointer, 0
000C   0089           00027     MOVWF EEADR
000D   082E           00028     MOVF Value, 0
000E   0088           00029     MOVWF EEDATA
000F   1683           00030     BSF STATUS, RP0 ; To bank 1;
                      00031     
0010   3055           00032     MOVLW 55h
Message[302]: Register in operand not in bank 0.  Ensure that bank bits are correct.
0011   0089           00033     MOVWF EECON2 
0012   30AA           00034     MOVLW 0AAh
Message[302]: Register in operand not in bank 0.  Ensure that bank bits are correct.
0013   0089           00035     MOVWF EECON2
Message[302]: Register in operand not in bank 0.  Ensure that bank bits are correct.
0014   1488           00036     BSF EECON1 , WR
Message[302]: Register in operand not in bank 0.  Ensure that bank bits are correct.
0015   1888           00037     BTFSC EECON1, WR            ;wait here until write completes
0016   2815           00038     GOTO $-1
MPASM 5.81                          MAIN.ASM   9-26-2018  0:17:36         PAGE  2


LOC  OBJECT CODE     LINE SOURCE TEXT
  VALUE

                      00039     
0017   0AAF           00040     INCF CurrentPointer,0x1  ; CurrentPointer=CurrentPointer+1
0018   300A           00041     MOVLW ArrayLength     ; W=ArrayLength
0019   022F           00042     SUBWF CurrentPointer,0   ; W=W-CurrentPointer
001A   1C03           00043     BTFSS STATUS,0  ; CurrentPointer > ArrayLength ?
001B   2804           00044     GOTO SUBLOOP1      ; no
                      00045                 
                      00046 
001C   178B           00047     BSF INTCON, GIE
001D   1283           00048     BCF STATUS, RP0 ; To bank 0;
001E   0008           00049     RETURN
                      00050  
                      00051  
001F                  00052 BEGIN:
001F   1283           00053         BCF STATUS, 0x5 ; set Bank0 in Data Memory by clearing RP0 bit in STATUS register
0020   01AF           00054         CLRF CurrentPointer      ; CurrentPointer=0
0021   01AE           00055         CLRF Value
0022   0AAE           00056         INCF Value, 1
0023                  00057 LOOP1:
0023   082F           00058         MOVF CurrentPointer,0    ; W=CurrentPointer
0024   3E30           00059         ADDLW StartingAddress     ; W=W+c_addr
0025   0084           00060         MOVWF FSR       ; FSR=W, INDF=array[W]
0026   082E           00061         MOVF Value,0     ; W=CurrentPointer
0027   0080           00062         MOVWF INDF
                      00063         
0028   0AAF           00064         INCF CurrentPointer,0x1  ; CurrentPointer=CurrentPointer+1
0029   0AAE           00065         INCF Value, 1
002A   300A           00066         MOVLW ArrayLength     ; W=ArrayLength
002B   022F           00067         SUBWF CurrentPointer,0   ; W=W-CurrentPointer
002C   1C03           00068         BTFSS STATUS,0  ; CurrentPointer > ArrayLength ?
002D   2823           00069         GOTO LOOP1      ; no
                      00070                         ; yes
002E   01AF           00071         CLRF CurrentPointer      ; CurrentPointer=0
002F   2001           00072         CALL MySuperSubRootine
                      00073         end
MPASM 5.81                          MAIN.ASM   9-26-2018  0:17:36         PAGE  3


SYMBOL TABLE
  LABEL                             VALUE 

ArrayLength                       0000000A
BEGIN                             0000001F
C                                 00000000
CurrentPointer                    0000002F
DC                                00000001
EEADR                             00000009
EECON1                            00000088
EECON2                            00000089
EEDATA                            00000008
EEIE                              00000006
EEIF                              00000004
F                                 00000001
FSR                               00000004
GIE                               00000007
INDF                              00000000
INTCON                            0000000B
INTE                              00000004
INTEDG                            00000006
INTF                              00000001
IRP                               00000007
LOOP1                             00000023
MySuperSubRootine                 00000001
NOT_PD                            00000003
NOT_RBPU                          00000007
NOT_TO                            00000004
OPTION_REG                        00000081
PCL                               00000002
PCLATH                            0000000A
PORTA                             00000005
PORTB                             00000006
PS0                               00000000
PS1                               00000001
PS2                               00000002
PSA                               00000003
RA0                               00000000
RA1                               00000001
RA2                               00000002
RA3                               00000003
RA4                               00000004
RB0                               00000000
RB1                               00000001
RB2                               00000002
RB3                               00000003
RB4                               00000004
RB5                               00000005
RB6                               00000006
RB7                               00000007
RBIE                              00000003
RBIF                              00000000
RD                                00000000
RP0                               00000005
RP1                               00000006
STATUS                            00000003
MPASM 5.81                          MAIN.ASM   9-26-2018  0:17:36         PAGE  4


SYMBOL TABLE
  LABEL                             VALUE 

SUBLOOP1                          00000004
StartingAddress                   00000030
StartingEEPROMAddress             00000030
T0CS                              00000005
T0IE                              00000005
T0IF                              00000002
T0SE                              00000004
TMR0                              00000001
TMR0IE                            00000005
TMR0IF                            00000002
TRISA                             00000085
TRISA0                            00000000
TRISA1                            00000001
TRISA2                            00000002
TRISA3                            00000003
TRISA4                            00000004
TRISB                             00000086
TRISB0                            00000000
TRISB1                            00000001
TRISB2                            00000002
TRISB3                            00000003
TRISB4                            00000004
TRISB5                            00000005
TRISB6                            00000006
TRISB7                            00000007
Value                             0000002E
W                                 00000000
WR                                00000001
WREN                              00000002
WRERR                             00000003
Z                                 00000002
_CONFIG                           00002007
_CP_OFF                           00003FFF
_CP_ON                            0000000F
_FOSC_EXTRC                       00003FFF
_FOSC_HS                          00003FFE
_FOSC_LP                          00003FFC
_FOSC_XT                          00003FFD
_HS_OSC                           00003FFE
_IDLOC0                           00002000
_IDLOC1                           00002001
_IDLOC2                           00002002
_IDLOC3                           00002003
_LP_OSC                           00003FFC
_PWRTE_OFF                        00003FFF
_PWRTE_ON                         00003FF7
_RC_OSC                           00003FFF
_WDTE_OFF                         00003FFB
_WDTE_ON                          00003FFF
_WDT_OFF                          00003FFB
_WDT_ON                           00003FFF
_XT_OSC                           00003FFD
__16F84                           00000001
MPASM 5.81                          MAIN.ASM   9-26-2018  0:17:36         PAGE  5


SYMBOL TABLE
  LABEL                             VALUE 

__DEBUG                           
__MPLAB_DEBUGGER_SIMULATOR        1


MEMORY USAGE MAP ('X' = Used,  '-' = Unused)

0000 : XXXXXXXXXXXXXXXX XXXXXXXXXXXXXXXX XXXXXXXXXXXXXXXX ----------------

All other memory blocks unused.

Program Memory Words Used:    48
Program Memory Words Free:   976


Errors   :     0
Warnings :     0 reported,     0 suppressed
Messages :     5 reported,     0 suppressed

